<?xml version="1.0" encoding="UTF-8"?>
<!-- Generated by org.testng.reporters.JUnitReportReporter -->
<testsuite hostname="WKWIN4287995" failures="0" tests="4" name="com.runner.testRunner" time="2.854" errors="0" timestamp="2020-03-12T17:52:22 IST" skipped="0">
  <testcase classname="com.runner.testRunner" name="runScenario" time="2.532"/>
  <system-out/>
  <testcase classname="com.runner.testRunner" name="runScenario" time="0.071"/>
  <system-out/>
  <testcase classname="com.runner.testRunner" name="runScenario" time="0.186"/>
  <system-out/>
  <testcase classname="com.runner.testRunner" name="runScenario" time="0.065"/>
  <system-out/>
</testsuite> <!-- com.runner.testRunner -->
