<?xml version="1.0" encoding="UTF-8"?>
<!-- Generated by org.testng.reporters.JUnitReportReporter -->
<testsuite hostname="WKWIN4287995" failures="0" tests="1" name="com.runner.FirstRestAssured" time="25.886" errors="0" timestamp="2020-03-13T09:32:52 IST" skipped="0">
  <testcase classname="com.runner.FirstRestAssured" name="testFirstRest" time="25.886"/>
  <system-out/>
</testsuite> <!-- com.runner.FirstRestAssured -->
