<?xml version="1.0" encoding="UTF-8"?>
<!-- Generated by org.testng.reporters.JUnitReportReporter -->
<testsuite hostname="WKWIN4287995" failures="0" tests="1" name="com.runner.FirstRestAssured" time="62.163" errors="0" timestamp="2020-03-11T15:38:41 IST" skipped="0">
  <testcase classname="com.runner.FirstRestAssured" name="testFirstRest" time="62.163"/>
  <system-out/>
</testsuite> <!-- com.runner.FirstRestAssured -->
