<?xml version="1.0" encoding="UTF-8"?>
<!-- Generated by org.testng.reporters.JUnitReportReporter -->
<testsuite hostname="WKWIN4287995" failures="0" tests="1" name="Demo.CucumberProject.test" time="2.412" errors="0" timestamp="2020-03-12T16:00:20 IST" skipped="0">
  <testcase classname="Demo.CucumberProject.test" name="testRun" time="2.412"/>
  <system-out/>
</testsuite> <!-- Demo.CucumberProject.test -->
